{"contracts/ContractManager.sol":{"l":{"16":1,"32":1,"33":1,"34":1,"35":1,"36":1,"49":0,"50":0,"51":0,"52":0,"53":0,"68":0,"69":0,"70":0,"71":0,"72":0,"73":0,"83":1,"95":1,"96":1,"103":2,"104":2,"111":1,"112":1,"119":0,"120":0,"121":0,"122":0},"path":"/home/peter/Documents/Work/MyBit/MyBit-Will.tech/contracts/ContractManager.sol","s":{"1":1,"2":1,"3":1,"4":1,"5":0,"6":0,"7":0,"8":0,"9":0,"10":0,"11":1,"12":1,"13":2,"14":1,"15":0,"16":0},"b":{"1":[1,0],"2":[1,0],"3":[0,0],"4":[0,0],"5":[1,0],"6":[2,0],"7":[1,0],"8":[0,0],"9":[0,0]},"f":{"1":1,"2":1,"3":0,"4":0,"5":1,"6":1,"7":2,"8":1,"9":0},"fnMap":{"1":{"name":null,"line":13,"loc":{"start":{"line":13,"column":2},"end":{"line":15,"column":29}}},"2":{"name":"addContract","line":26,"loc":{"start":{"line":26,"column":2},"end":{"line":31,"column":12}}},"3":{"name":"removeContract","line":44,"loc":{"start":{"line":44,"column":2},"end":{"line":48,"column":12}}},"4":{"name":"updateContract","line":63,"loc":{"start":{"line":63,"column":2},"end":{"line":67,"column":12}}},"5":{"name":"contractExists","line":79,"loc":{"start":{"line":79,"column":2},"end":{"line":82,"column":17}}},"6":{"name":"anyOwner","line":94,"loc":{"start":{"line":94,"column":2},"end":{"line":94,"column":19}}},"7":{"name":"noEmptyAddress","line":102,"loc":{"start":{"line":102,"column":2},"end":{"line":102,"column":44}}},"8":{"name":"noEmptyString","line":110,"loc":{"start":{"line":110,"column":2},"end":{"line":110,"column":38}}},"9":{"name":"multiSigRequired","line":118,"loc":{"start":{"line":118,"column":2},"end":{"line":118,"column":85}}}},"statementMap":{"1":{"start":{"line":16,"column":4},"end":{"line":16,"column":33}},"2":{"start":{"line":32,"column":4},"end":{"line":32,"column":45}},"3":{"start":{"line":33,"column":4},"end":{"line":33,"column":97}},"4":{"start":{"line":36,"column":4},"end":{"line":36,"column":50}},"5":{"start":{"line":49,"column":4},"end":{"line":49,"column":101}},"6":{"start":{"line":50,"column":4},"end":{"line":50,"column":44}},"7":{"start":{"line":53,"column":4},"end":{"line":53,"column":52}},"8":{"start":{"line":68,"column":4},"end":{"line":68,"column":95}},"9":{"start":{"line":69,"column":4},"end":{"line":69,"column":39}},"10":{"start":{"line":73,"column":4},"end":{"line":73,"column":67}},"11":{"start":{"line":83,"column":4},"end":{"line":83,"column":83}},"12":{"start":{"line":95,"column":4},"end":{"line":95,"column":82}},"13":{"start":{"line":103,"column":4},"end":{"line":103,"column":35}},"14":{"start":{"line":111,"column":4},"end":{"line":111,"column":42}},"15":{"start":{"line":119,"column":4},"end":{"line":119,"column":33}},"16":{"start":{"line":120,"column":4},"end":{"line":120,"column":111}}},"branchMap":{"1":{"line":32,"type":"if","locations":[{"start":{"line":32,"column":4},"end":{"line":32,"column":4}},{"start":{"line":32,"column":4},"end":{"line":32,"column":4}}]},"2":{"line":33,"type":"if","locations":[{"start":{"line":33,"column":4},"end":{"line":33,"column":4}},{"start":{"line":33,"column":4},"end":{"line":33,"column":4}}]},"3":{"line":50,"type":"if","locations":[{"start":{"line":50,"column":4},"end":{"line":50,"column":4}},{"start":{"line":50,"column":4},"end":{"line":50,"column":4}}]},"4":{"line":69,"type":"if","locations":[{"start":{"line":69,"column":4},"end":{"line":69,"column":4}},{"start":{"line":69,"column":4},"end":{"line":69,"column":4}}]},"5":{"line":95,"type":"if","locations":[{"start":{"line":95,"column":4},"end":{"line":95,"column":4}},{"start":{"line":95,"column":4},"end":{"line":95,"column":4}}]},"6":{"line":103,"type":"if","locations":[{"start":{"line":103,"column":4},"end":{"line":103,"column":4}},{"start":{"line":103,"column":4},"end":{"line":103,"column":4}}]},"7":{"line":111,"type":"if","locations":[{"start":{"line":111,"column":4},"end":{"line":111,"column":4}},{"start":{"line":111,"column":4},"end":{"line":111,"column":4}}]},"8":{"line":119,"type":"if","locations":[{"start":{"line":119,"column":4},"end":{"line":119,"column":4}},{"start":{"line":119,"column":4},"end":{"line":119,"column":4}}]},"9":{"line":120,"type":"if","locations":[{"start":{"line":120,"column":4},"end":{"line":120,"column":4}},{"start":{"line":120,"column":4},"end":{"line":120,"column":4}}]}}},"contracts/Database.sol":{"l":{"30":1,"31":1,"42":1,"43":1,"44":1,"45":1,"46":1,"56":7,"62":15,"68":0,"74":0,"80":0,"86":4,"92":0,"103":4,"109":6,"115":0,"121":0,"127":0,"133":2,"139":0,"148":38,"149":38},"path":"/home/peter/Documents/Work/MyBit/MyBit-Will.tech/contracts/Database.sol","s":{"1":1,"2":1,"3":1,"4":1,"5":1,"6":1,"7":1,"8":7,"9":15,"10":0,"11":0,"12":0,"13":4,"14":0,"15":38},"b":{"1":[1,0],"2":[1,0],"3":[1,0],"4":[38,0]},"f":{"1":1,"2":1,"3":7,"4":15,"5":0,"6":0,"7":0,"8":4,"9":0,"10":4,"11":6,"12":0,"13":0,"14":0,"15":2,"16":0,"17":38},"fnMap":{"1":{"name":null,"line":28,"loc":{"start":{"line":28,"column":4},"end":{"line":29,"column":12}}},"2":{"name":"setContractManager","line":40,"loc":{"start":{"line":40,"column":4},"end":{"line":41,"column":14}}},"3":{"name":"setAddress","line":53,"loc":{"start":{"line":53,"column":4},"end":{"line":55,"column":14}}},"4":{"name":"setUint","line":59,"loc":{"start":{"line":59,"column":4},"end":{"line":61,"column":14}}},"5":{"name":"setString","line":65,"loc":{"start":{"line":65,"column":4},"end":{"line":67,"column":14}}},"6":{"name":"setBytes","line":71,"loc":{"start":{"line":71,"column":4},"end":{"line":73,"column":14}}},"7":{"name":"setBytes32","line":77,"loc":{"start":{"line":77,"column":4},"end":{"line":79,"column":14}}},"8":{"name":"setBool","line":83,"loc":{"start":{"line":83,"column":4},"end":{"line":85,"column":14}}},"9":{"name":"setInt","line":89,"loc":{"start":{"line":89,"column":4},"end":{"line":91,"column":14}}},"10":{"name":"deleteAddress","line":100,"loc":{"start":{"line":100,"column":4},"end":{"line":102,"column":14}}},"11":{"name":"deleteUint","line":106,"loc":{"start":{"line":106,"column":4},"end":{"line":108,"column":14}}},"12":{"name":"deleteString","line":112,"loc":{"start":{"line":112,"column":4},"end":{"line":114,"column":14}}},"13":{"name":"deleteBytes","line":118,"loc":{"start":{"line":118,"column":4},"end":{"line":120,"column":14}}},"14":{"name":"deleteBytes32","line":124,"loc":{"start":{"line":124,"column":4},"end":{"line":126,"column":14}}},"15":{"name":"deleteBool","line":130,"loc":{"start":{"line":130,"column":4},"end":{"line":132,"column":14}}},"16":{"name":"deleteInt","line":136,"loc":{"start":{"line":136,"column":4},"end":{"line":138,"column":14}}},"17":{"name":"onlyApprovedContract","line":147,"loc":{"start":{"line":147,"column":4},"end":{"line":147,"column":33}}}},"statementMap":{"1":{"start":{"line":30,"column":8},"end":{"line":30,"column":71}},"2":{"start":{"line":31,"column":8},"end":{"line":31,"column":35}},"3":{"start":{"line":42,"column":8},"end":{"line":42,"column":46}},"4":{"start":{"line":43,"column":8},"end":{"line":43,"column":77}},"5":{"start":{"line":44,"column":8},"end":{"line":44,"column":104}},"6":{"start":{"line":45,"column":8},"end":{"line":45,"column":100}},"7":{"start":{"line":46,"column":8},"end":{"line":46,"column":84}},"8":{"start":{"line":56,"column":8},"end":{"line":56,"column":36}},"9":{"start":{"line":62,"column":8},"end":{"line":62,"column":33}},"10":{"start":{"line":68,"column":8},"end":{"line":68,"column":35}},"11":{"start":{"line":74,"column":8},"end":{"line":74,"column":34}},"12":{"start":{"line":80,"column":8},"end":{"line":80,"column":36}},"13":{"start":{"line":86,"column":8},"end":{"line":86,"column":33}},"14":{"start":{"line":92,"column":8},"end":{"line":92,"column":32}},"15":{"start":{"line":148,"column":8},"end":{"line":148,"column":80}}},"branchMap":{"1":{"line":42,"type":"if","locations":[{"start":{"line":42,"column":8},"end":{"line":42,"column":8}},{"start":{"line":42,"column":8},"end":{"line":42,"column":8}}]},"2":{"line":43,"type":"if","locations":[{"start":{"line":43,"column":8},"end":{"line":43,"column":8}},{"start":{"line":43,"column":8},"end":{"line":43,"column":8}}]},"3":{"line":44,"type":"if","locations":[{"start":{"line":44,"column":8},"end":{"line":44,"column":8}},{"start":{"line":44,"column":8},"end":{"line":44,"column":8}}]},"4":{"line":148,"type":"if","locations":[{"start":{"line":148,"column":8},"end":{"line":148,"column":8}},{"start":{"line":148,"column":8},"end":{"line":148,"column":8}}]}}},"contracts/EqualDistribution.sol":{"l":{"26":0,"35":0,"36":0,"43":0,"44":0,"45":0,"46":0,"47":0,"48":0,"55":0,"68":0,"69":0,"71":0},"path":"/home/peter/Documents/Work/MyBit/MyBit-Will.tech/contracts/EqualDistribution.sol","s":{"1":0,"2":0,"3":0,"4":0,"5":0,"6":0,"7":0,"8":0,"9":0,"10":0,"11":0,"12":0,"13":0},"b":{"1":[0,0],"2":[0,0]},"f":{"1":0,"2":0,"3":0,"4":0,"5":0},"fnMap":{"1":{"name":null,"line":23,"loc":{"start":{"line":23,"column":2},"end":{"line":25,"column":11}}},"2":{"name":"getFunds","line":32,"loc":{"start":{"line":32,"column":2},"end":{"line":34,"column":18}}},"3":{"name":"withdraw","line":40,"loc":{"start":{"line":40,"column":2},"end":{"line":42,"column":18}}},"4":{"name":null,"line":52,"loc":{"start":{"line":52,"column":2},"end":{"line":54,"column":11}}},"5":{"name":"isBeneficiary","line":64,"loc":{"start":{"line":64,"column":2},"end":{"line":67,"column":18}}}},"statementMap":{"1":{"start":{"line":26,"column":4},"end":{"line":26,"column":33}},"2":{"start":{"line":35,"column":4},"end":{"line":35,"column":52}},"3":{"start":{"line":36,"column":4},"end":{"line":36,"column":15}},"4":{"start":{"line":43,"column":4},"end":{"line":43,"column":119}},"5":{"start":{"line":44,"column":4},"end":{"line":44,"column":70}},"6":{"start":{"line":45,"column":4},"end":{"line":45,"column":44}},"7":{"start":{"line":47,"column":4},"end":{"line":47,"column":40}},"8":{"start":{"line":48,"column":4},"end":{"line":48,"column":15}},"9":{"start":{"line":55,"column":4},"end":{"line":55,"column":42}},"10":{"start":{"line":68,"column":4},"end":{"line":68,"column":2492}},"11":{"start":{"line":69,"column":6},"end":{"line":69,"column":52}},"12":{"start":{"line":69,"column":39},"end":{"line":69,"column":50}},"13":{"start":{"line":71,"column":4},"end":{"line":71,"column":16}}},"branchMap":{"1":{"line":35,"type":"if","locations":[{"start":{"line":35,"column":4},"end":{"line":35,"column":4}},{"start":{"line":35,"column":4},"end":{"line":35,"column":4}}]},"2":{"line":69,"type":"if","locations":[{"start":{"line":69,"column":6},"end":{"line":69,"column":6}},{"start":{"line":69,"column":6},"end":{"line":69,"column":6}}]}}},"contracts/ERC20.sol":{"l":{"43":1,"44":1,"45":1,"46":1,"47":1,"48":1,"59":0,"60":0,"61":0,"62":0,"63":0,"64":0,"74":0,"75":0,"76":0,"77":0,"78":0,"79":0,"80":0,"90":7,"91":7,"92":7,"103":0,"104":0,"105":0,"106":0,"116":0,"117":0,"118":0,"119":0,"120":0,"130":4,"131":4,"132":4,"133":4,"134":4,"135":4,"136":4,"146":1,"156":1,"166":5,"177":0},"path":"/home/peter/Documents/Work/MyBit/MyBit-Will.tech/contracts/ERC20.sol","s":{"1":1,"2":1,"3":1,"4":1,"5":1,"6":1,"7":0,"8":0,"9":0,"10":0,"11":0,"12":0,"13":0,"14":0,"15":0,"16":0,"17":0,"18":0,"19":0,"20":7,"21":7,"22":7,"23":0,"24":0,"25":0,"26":0,"27":0,"28":0,"29":0,"30":0,"31":0,"32":4,"33":4,"34":4,"35":4,"36":4,"37":4,"38":4,"39":1,"40":1,"41":5,"42":0},"b":{"1":[0,0],"2":[0,0],"3":[0,0],"4":[0,0],"5":[4,0]},"f":{"1":1,"2":0,"3":0,"4":7,"5":0,"6":0,"7":4,"8":1,"9":1,"10":5,"11":0},"fnMap":{"1":{"name":null,"line":41,"loc":{"start":{"line":41,"column":4},"end":{"line":42,"column":12}}},"2":{"name":"transfer","line":56,"loc":{"start":{"line":56,"column":4},"end":{"line":58,"column":28}}},"3":{"name":"transferFrom","line":71,"loc":{"start":{"line":71,"column":4},"end":{"line":73,"column":28}}},"4":{"name":"approve","line":87,"loc":{"start":{"line":87,"column":4},"end":{"line":89,"column":28}}},"5":{"name":"approveAndCall","line":100,"loc":{"start":{"line":100,"column":4},"end":{"line":102,"column":28}}},"6":{"name":"burn","line":113,"loc":{"start":{"line":113,"column":4},"end":{"line":115,"column":28}}},"7":{"name":"burnFrom","line":127,"loc":{"start":{"line":127,"column":4},"end":{"line":129,"column":28}}},"8":{"name":"totalSupply","line":142,"loc":{"start":{"line":142,"column":4},"end":{"line":145,"column":32}}},"9":{"name":"balanceOf","line":152,"loc":{"start":{"line":152,"column":4},"end":{"line":155,"column":28}}},"10":{"name":"allowance","line":162,"loc":{"start":{"line":162,"column":4},"end":{"line":165,"column":30}}},"11":{"name":null,"line":174,"loc":{"start":{"line":174,"column":4},"end":{"line":176,"column":13}}}},"statementMap":{"1":{"start":{"line":43,"column":8},"end":{"line":43,"column":44}},"2":{"start":{"line":44,"column":8},"end":{"line":44,"column":30}},"3":{"start":{"line":45,"column":8},"end":{"line":45,"column":24}},"4":{"start":{"line":46,"column":8},"end":{"line":46,"column":31}},"5":{"start":{"line":47,"column":8},"end":{"line":47,"column":28}},"6":{"start":{"line":48,"column":8},"end":{"line":48,"column":61}},"7":{"start":{"line":59,"column":8},"end":{"line":59,"column":33}},"8":{"start":{"line":60,"column":8},"end":{"line":60,"column":36}},"9":{"start":{"line":61,"column":8},"end":{"line":61,"column":63}},"10":{"start":{"line":62,"column":8},"end":{"line":62,"column":49}},"11":{"start":{"line":63,"column":8},"end":{"line":63,"column":47}},"12":{"start":{"line":64,"column":8},"end":{"line":64,"column":19}},"13":{"start":{"line":74,"column":8},"end":{"line":74,"column":33}},"14":{"start":{"line":75,"column":8},"end":{"line":75,"column":36}},"15":{"start":{"line":76,"column":8},"end":{"line":76,"column":53}},"16":{"start":{"line":77,"column":8},"end":{"line":77,"column":75}},"17":{"start":{"line":78,"column":8},"end":{"line":78,"column":49}},"18":{"start":{"line":79,"column":8},"end":{"line":79,"column":42}},"19":{"start":{"line":80,"column":8},"end":{"line":80,"column":19}},"20":{"start":{"line":90,"column":8},"end":{"line":90,"column":46}},"21":{"start":{"line":91,"column":8},"end":{"line":91,"column":52}},"22":{"start":{"line":92,"column":8},"end":{"line":92,"column":19}},"23":{"start":{"line":103,"column":8},"end":{"line":103,"column":46}},"24":{"start":{"line":104,"column":8},"end":{"line":104,"column":52}},"25":{"start":{"line":105,"column":8},"end":{"line":105,"column":39}},"26":{"start":{"line":106,"column":8},"end":{"line":106,"column":19}},"27":{"start":{"line":116,"column":8},"end":{"line":116,"column":63}},"28":{"start":{"line":117,"column":8},"end":{"line":117,"column":35}},"29":{"start":{"line":118,"column":8},"end":{"line":118,"column":41}},"30":{"start":{"line":119,"column":8},"end":{"line":119,"column":54}},"31":{"start":{"line":120,"column":8},"end":{"line":120,"column":19}},"32":{"start":{"line":130,"column":8},"end":{"line":130,"column":53}},"33":{"start":{"line":131,"column":8},"end":{"line":131,"column":53}},"34":{"start":{"line":132,"column":8},"end":{"line":132,"column":75}},"35":{"start":{"line":133,"column":8},"end":{"line":133,"column":35}},"36":{"start":{"line":134,"column":8},"end":{"line":134,"column":36}},"37":{"start":{"line":135,"column":8},"end":{"line":135,"column":49}},"38":{"start":{"line":136,"column":8},"end":{"line":136,"column":19}},"39":{"start":{"line":146,"column":8},"end":{"line":146,"column":21}},"40":{"start":{"line":156,"column":8},"end":{"line":156,"column":37}},"41":{"start":{"line":166,"column":8},"end":{"line":166,"column":46}},"42":{"start":{"line":177,"column":8},"end":{"line":177,"column":15}}},"branchMap":{"1":{"line":59,"type":"if","locations":[{"start":{"line":59,"column":8},"end":{"line":59,"column":8}},{"start":{"line":59,"column":8},"end":{"line":59,"column":8}}]},"2":{"line":60,"type":"if","locations":[{"start":{"line":60,"column":8},"end":{"line":60,"column":8}},{"start":{"line":60,"column":8},"end":{"line":60,"column":8}}]},"3":{"line":74,"type":"if","locations":[{"start":{"line":74,"column":8},"end":{"line":74,"column":8}},{"start":{"line":74,"column":8},"end":{"line":74,"column":8}}]},"4":{"line":75,"type":"if","locations":[{"start":{"line":75,"column":8},"end":{"line":75,"column":8}},{"start":{"line":75,"column":8},"end":{"line":75,"column":8}}]},"5":{"line":130,"type":"if","locations":[{"start":{"line":130,"column":8},"end":{"line":130,"column":8}},{"start":{"line":130,"column":8},"end":{"line":130,"column":8}}]}}},"contracts/interfaces/ERC20Interface.sol":{"l":{},"path":"/home/peter/Documents/Work/MyBit/MyBit-Will.tech/contracts/interfaces/ERC20Interface.sol","s":{},"b":{},"f":{},"fnMap":{},"statementMap":{},"branchMap":{}},"contracts/interfaces/PullPayment.sol":{"l":{},"path":"/home/peter/Documents/Work/MyBit/MyBit-Will.tech/contracts/interfaces/PullPayment.sol","s":{},"b":{},"f":{},"fnMap":{},"statementMap":{},"branchMap":{}},"contracts/MyBitBurner.sol":{"l":{"19":1,"20":1,"27":5,"28":5,"29":4,"30":4,"31":4,"37":1,"38":1,"39":1,"40":1,"41":1,"47":0,"48":0,"49":0,"50":0},"path":"/home/peter/Documents/Work/MyBit/MyBit-Will.tech/contracts/MyBitBurner.sol","s":{"1":1,"2":1,"3":5,"4":5,"5":4,"6":4,"7":4,"8":1,"9":1,"10":1,"11":1,"12":1,"13":0,"14":0,"15":0},"b":{"1":[5,0],"2":[4,1],"3":[4,0],"4":[1,0],"5":[1,0],"6":[0,0],"7":[0,0]},"f":{"1":1,"2":5,"3":1,"4":0},"fnMap":{"1":{"name":null,"line":17,"loc":{"start":{"line":17,"column":2},"end":{"line":18,"column":10}}},"2":{"name":"burn","line":24,"loc":{"start":{"line":24,"column":2},"end":{"line":26,"column":18}}},"3":{"name":"authorizeBurner","line":34,"loc":{"start":{"line":34,"column":2},"end":{"line":36,"column":18}}},"4":{"name":"removeBurner","line":44,"loc":{"start":{"line":44,"column":2},"end":{"line":46,"column":18}}}},"statementMap":{"1":{"start":{"line":19,"column":4},"end":{"line":19,"column":39}},"2":{"start":{"line":20,"column":4},"end":{"line":20,"column":21}},"3":{"start":{"line":27,"column":4},"end":{"line":27,"column":40}},"4":{"start":{"line":28,"column":4},"end":{"line":28,"column":70}},"5":{"start":{"line":29,"column":4},"end":{"line":29,"column":52}},"6":{"start":{"line":30,"column":4},"end":{"line":30,"column":56}},"7":{"start":{"line":31,"column":4},"end":{"line":31,"column":15}},"8":{"start":{"line":37,"column":4},"end":{"line":37,"column":31}},"9":{"start":{"line":38,"column":4},"end":{"line":38,"column":41}},"10":{"start":{"line":39,"column":4},"end":{"line":39,"column":44}},"11":{"start":{"line":40,"column":4},"end":{"line":40,"column":58}},"12":{"start":{"line":41,"column":4},"end":{"line":41,"column":15}},"13":{"start":{"line":47,"column":4},"end":{"line":47,"column":31}},"14":{"start":{"line":48,"column":4},"end":{"line":48,"column":40}},"15":{"start":{"line":50,"column":4},"end":{"line":50,"column":15}}},"branchMap":{"1":{"line":27,"type":"if","locations":[{"start":{"line":27,"column":4},"end":{"line":27,"column":4}},{"start":{"line":27,"column":4},"end":{"line":27,"column":4}}]},"2":{"line":28,"type":"if","locations":[{"start":{"line":28,"column":4},"end":{"line":28,"column":4}},{"start":{"line":28,"column":4},"end":{"line":28,"column":4}}]},"3":{"line":29,"type":"if","locations":[{"start":{"line":29,"column":4},"end":{"line":29,"column":4}},{"start":{"line":29,"column":4},"end":{"line":29,"column":4}}]},"4":{"line":37,"type":"if","locations":[{"start":{"line":37,"column":4},"end":{"line":37,"column":4}},{"start":{"line":37,"column":4},"end":{"line":37,"column":4}}]},"5":{"line":38,"type":"if","locations":[{"start":{"line":38,"column":4},"end":{"line":38,"column":4}},{"start":{"line":38,"column":4},"end":{"line":38,"column":4}}]},"6":{"line":47,"type":"if","locations":[{"start":{"line":47,"column":4},"end":{"line":47,"column":4}},{"start":{"line":47,"column":4},"end":{"line":47,"column":4}}]},"7":{"line":48,"type":"if","locations":[{"start":{"line":48,"column":4},"end":{"line":48,"column":4}},{"start":{"line":48,"column":4},"end":{"line":48,"column":4}}]}}},"contracts/SafeMath.sol":{"l":{"14":0,"15":0,"17":0,"18":0,"19":0,"29":0,"36":14,"37":14,"44":4,"45":4,"46":4,"56":0,"64":0,"65":0,"66":0,"68":0},"path":"/home/peter/Documents/Work/MyBit/MyBit-Will.tech/contracts/SafeMath.sol","s":{"1":0,"2":0,"3":0,"4":0,"5":0,"6":0,"7":14,"8":14,"9":4,"10":4,"11":4,"12":0,"13":0,"14":0,"15":0},"b":{"1":[0,0],"2":[0,0],"3":[14,0],"4":[4,0]},"f":{"1":0,"2":0,"3":14,"4":4,"5":0,"6":0},"fnMap":{"1":{"name":"mul","line":13,"loc":{"start":{"line":13,"column":2},"end":{"line":13,"column":68}}},"2":{"name":"div","line":25,"loc":{"start":{"line":25,"column":2},"end":{"line":25,"column":68}}},"3":{"name":"sub","line":35,"loc":{"start":{"line":35,"column":2},"end":{"line":35,"column":68}}},"4":{"name":"add","line":43,"loc":{"start":{"line":43,"column":2},"end":{"line":43,"column":68}}},"5":{"name":"getFractionalAmount","line":52,"loc":{"start":{"line":52,"column":2},"end":{"line":55,"column":21}}},"6":{"name":"bytesToUint","line":63,"loc":{"start":{"line":63,"column":2},"end":{"line":63,"column":63}}}},"statementMap":{"1":{"start":{"line":14,"column":4},"end":{"line":14,"column":740}},"2":{"start":{"line":15,"column":6},"end":{"line":15,"column":14}},"3":{"start":{"line":17,"column":4},"end":{"line":17,"column":20}},"4":{"start":{"line":18,"column":4},"end":{"line":18,"column":21}},"5":{"start":{"line":19,"column":4},"end":{"line":19,"column":12}},"6":{"start":{"line":29,"column":4},"end":{"line":29,"column":16}},"7":{"start":{"line":36,"column":4},"end":{"line":36,"column":17}},"8":{"start":{"line":37,"column":4},"end":{"line":37,"column":16}},"9":{"start":{"line":44,"column":4},"end":{"line":44,"column":20}},"10":{"start":{"line":45,"column":4},"end":{"line":45,"column":17}},"11":{"start":{"line":46,"column":4},"end":{"line":46,"column":12}},"12":{"start":{"line":56,"column":4},"end":{"line":56,"column":46}},"13":{"start":{"line":65,"column":6},"end":{"line":65,"column":2949}},"14":{"start":{"line":66,"column":10},"end":{"line":66,"column":69}},"15":{"start":{"line":68,"column":6},"end":{"line":68,"column":19}}},"branchMap":{"1":{"line":14,"type":"if","locations":[{"start":{"line":14,"column":4},"end":{"line":14,"column":4}},{"start":{"line":14,"column":4},"end":{"line":14,"column":4}}]},"2":{"line":18,"type":"if","locations":[{"start":{"line":18,"column":4},"end":{"line":18,"column":4}},{"start":{"line":18,"column":4},"end":{"line":18,"column":4}}]},"3":{"line":36,"type":"if","locations":[{"start":{"line":36,"column":4},"end":{"line":36,"column":4}},{"start":{"line":36,"column":4},"end":{"line":36,"column":4}}]},"4":{"line":45,"type":"if","locations":[{"start":{"line":45,"column":4},"end":{"line":45,"column":4}},{"start":{"line":45,"column":4},"end":{"line":45,"column":4}}]}}},"contracts/Wills.sol":{"l":{"20":1,"21":1,"22":1,"34":6,"35":5,"37":4,"38":4,"40":3,"41":3,"42":3,"43":3,"44":3,"45":3,"47":3,"48":3,"55":2,"56":1,"64":2,"65":1,"66":1,"67":1,"68":1,"69":1,"70":1,"71":1,"72":1,"73":1,"80":2,"81":1,"82":1,"83":1,"84":1,"85":1,"86":1,"87":1,"88":1,"89":1,"98":5,"106":3,"107":2,"108":1,"114":2,"115":1,"127":6,"143":13,"144":11,"149":4,"150":3,"155":13,"156":12,"160":7,"161":6},"path":"/home/peter/Documents/Work/MyBit/MyBit-Will.tech/contracts/Wills.sol","s":{"1":1,"2":1,"3":1,"4":6,"5":5,"6":4,"7":4,"8":3,"9":3,"10":2,"11":2,"12":1,"13":1,"14":2,"15":1,"16":1,"17":3,"18":2,"19":1,"20":2,"21":1,"22":6,"23":13,"24":4,"25":13,"26":7},"b":{"1":[5,1],"2":[4,1],"3":[3,1],"4":[1,1],"5":[1,1],"6":[1,1],"7":[2,1],"8":[1,1],"9":[1,1],"10":[11,2],"11":[3,1],"12":[12,1],"13":[6,1]},"f":{"1":1,"2":6,"3":2,"4":2,"5":2,"6":5,"7":3,"8":2,"9":6,"10":13,"11":4,"12":13,"13":7},"fnMap":{"1":{"name":null,"line":19,"loc":{"start":{"line":19,"column":2},"end":{"line":19,"column":63}}},"2":{"name":"createWill","line":28,"loc":{"start":{"line":28,"column":2},"end":{"line":33,"column":24}}},"3":{"name":"proveExistence","line":52,"loc":{"start":{"line":52,"column":2},"end":{"line":54,"column":89}}},"4":{"name":"revokeWill","line":60,"loc":{"start":{"line":60,"column":2},"end":{"line":63,"column":89}}},"5":{"name":"claimWill","line":77,"loc":{"start":{"line":77,"column":2},"end":{"line":79,"column":91}}},"6":{"name":"changeBlocksBetweenProofs","line":94,"loc":{"start":{"line":94,"column":2},"end":{"line":97,"column":30}}},"7":{"name":"closeContract","line":104,"loc":{"start":{"line":104,"column":2},"end":{"line":105,"column":12}}},"8":{"name":"changeMYBFee","line":112,"loc":{"start":{"line":112,"column":2},"end":{"line":113,"column":12}}},"9":{"name":"getWill","line":123,"loc":{"start":{"line":123,"column":2},"end":{"line":126,"column":54}}},"10":{"name":"onlyCaller","line":142,"loc":{"start":{"line":142,"column":2},"end":{"line":142,"column":38}}},"11":{"name":"isRevokeable","line":148,"loc":{"start":{"line":148,"column":2},"end":{"line":148,"column":36}}},"12":{"name":"notZero","line":154,"loc":{"start":{"line":154,"column":2},"end":{"line":154,"column":32}}},"13":{"name":"validAddress","line":159,"loc":{"start":{"line":159,"column":2},"end":{"line":159,"column":38}}}},"statementMap":{"1":{"start":{"line":20,"column":4},"end":{"line":20,"column":21}},"2":{"start":{"line":21,"column":4},"end":{"line":21,"column":33}},"3":{"start":{"line":22,"column":4},"end":{"line":22,"column":43}},"4":{"start":{"line":34,"column":4},"end":{"line":34,"column":20}},"5":{"start":{"line":35,"column":4},"end":{"line":35,"column":46}},"6":{"start":{"line":37,"column":4},"end":{"line":37,"column":70}},"7":{"start":{"line":38,"column":4},"end":{"line":38,"column":97}},"8":{"start":{"line":47,"column":4},"end":{"line":47,"column":62}},"9":{"start":{"line":48,"column":4},"end":{"line":48,"column":13}},"10":{"start":{"line":55,"column":4},"end":{"line":55,"column":193}},"11":{"start":{"line":64,"column":4},"end":{"line":64,"column":106}},"12":{"start":{"line":65,"column":4},"end":{"line":65,"column":88}},"13":{"start":{"line":73,"column":4},"end":{"line":73,"column":51}},"14":{"start":{"line":80,"column":4},"end":{"line":80,"column":107}},"15":{"start":{"line":81,"column":4},"end":{"line":81,"column":88}},"16":{"start":{"line":89,"column":4},"end":{"line":89,"column":51}},"17":{"start":{"line":106,"column":4},"end":{"line":106,"column":31}},"18":{"start":{"line":107,"column":4},"end":{"line":107,"column":21}},"19":{"start":{"line":108,"column":4},"end":{"line":108,"column":17}},"20":{"start":{"line":114,"column":4},"end":{"line":114,"column":31}},"21":{"start":{"line":115,"column":4},"end":{"line":115,"column":19}},"22":{"start":{"line":127,"column":4},"end":{"line":127,"column":6394}},"23":{"start":{"line":143,"column":4},"end":{"line":143,"column":33}},"24":{"start":{"line":149,"column":4},"end":{"line":149,"column":84}},"25":{"start":{"line":155,"column":4},"end":{"line":155,"column":23}},"26":{"start":{"line":160,"column":4},"end":{"line":160,"column":31}}},"branchMap":{"1":{"line":34,"type":"if","locations":[{"start":{"line":34,"column":4},"end":{"line":34,"column":4}},{"start":{"line":34,"column":4},"end":{"line":34,"column":4}}]},"2":{"line":35,"type":"if","locations":[{"start":{"line":35,"column":4},"end":{"line":35,"column":4}},{"start":{"line":35,"column":4},"end":{"line":35,"column":4}}]},"3":{"line":38,"type":"if","locations":[{"start":{"line":38,"column":4},"end":{"line":38,"column":4}},{"start":{"line":38,"column":4},"end":{"line":38,"column":4}}]},"4":{"line":55,"type":"if","locations":[{"start":{"line":55,"column":4},"end":{"line":55,"column":4}},{"start":{"line":55,"column":4},"end":{"line":55,"column":4}}]},"5":{"line":64,"type":"if","locations":[{"start":{"line":64,"column":4},"end":{"line":64,"column":4}},{"start":{"line":64,"column":4},"end":{"line":64,"column":4}}]},"6":{"line":80,"type":"if","locations":[{"start":{"line":80,"column":4},"end":{"line":80,"column":4}},{"start":{"line":80,"column":4},"end":{"line":80,"column":4}}]},"7":{"line":106,"type":"if","locations":[{"start":{"line":106,"column":4},"end":{"line":106,"column":4}},{"start":{"line":106,"column":4},"end":{"line":106,"column":4}}]},"8":{"line":107,"type":"if","locations":[{"start":{"line":107,"column":4},"end":{"line":107,"column":4}},{"start":{"line":107,"column":4},"end":{"line":107,"column":4}}]},"9":{"line":114,"type":"if","locations":[{"start":{"line":114,"column":4},"end":{"line":114,"column":4}},{"start":{"line":114,"column":4},"end":{"line":114,"column":4}}]},"10":{"line":143,"type":"if","locations":[{"start":{"line":143,"column":4},"end":{"line":143,"column":4}},{"start":{"line":143,"column":4},"end":{"line":143,"column":4}}]},"11":{"line":149,"type":"if","locations":[{"start":{"line":149,"column":4},"end":{"line":149,"column":4}},{"start":{"line":149,"column":4},"end":{"line":149,"column":4}}]},"12":{"line":155,"type":"if","locations":[{"start":{"line":155,"column":4},"end":{"line":155,"column":4}},{"start":{"line":155,"column":4},"end":{"line":155,"column":4}}]},"13":{"line":160,"type":"if","locations":[{"start":{"line":160,"column":4},"end":{"line":160,"column":4}},{"start":{"line":160,"column":4},"end":{"line":160,"column":4}}]}}}}