{"contracts/ContractManager.sol":{"l":{"16":2,"32":5,"33":4,"34":3,"35":3,"36":3,"49":2,"50":2,"51":1,"52":1,"53":1,"68":2,"69":2,"70":1,"71":1,"72":1,"73":1,"83":14,"95":10,"96":9,"103":12,"104":11,"111":9,"112":8,"119":0,"120":0,"121":0,"122":0},"path":"/mnt/c/Users/Steven/MyBit-Will.tech/contracts/ContractManager.sol","s":{"1":2,"2":5,"3":4,"4":3,"5":2,"6":2,"7":1,"8":2,"9":2,"10":1,"11":14,"12":10,"13":12,"14":9,"15":0,"16":0},"b":{"1":[4,1],"2":[3,1],"3":[1,1],"4":[1,1],"5":[9,1],"6":[11,1],"7":[8,1],"8":[0,0],"9":[0,0]},"f":{"1":2,"2":5,"3":2,"4":2,"5":14,"6":10,"7":12,"8":9,"9":0},"fnMap":{"1":{"name":null,"line":13,"loc":{"start":{"line":13,"column":2},"end":{"line":15,"column":29}}},"2":{"name":"addContract","line":26,"loc":{"start":{"line":26,"column":2},"end":{"line":31,"column":12}}},"3":{"name":"removeContract","line":44,"loc":{"start":{"line":44,"column":2},"end":{"line":48,"column":12}}},"4":{"name":"updateContract","line":63,"loc":{"start":{"line":63,"column":2},"end":{"line":67,"column":12}}},"5":{"name":"contractExists","line":79,"loc":{"start":{"line":79,"column":2},"end":{"line":82,"column":17}}},"6":{"name":"anyOwner","line":94,"loc":{"start":{"line":94,"column":2},"end":{"line":94,"column":19}}},"7":{"name":"noEmptyAddress","line":102,"loc":{"start":{"line":102,"column":2},"end":{"line":102,"column":44}}},"8":{"name":"noEmptyString","line":110,"loc":{"start":{"line":110,"column":2},"end":{"line":110,"column":38}}},"9":{"name":"multiSigRequired","line":118,"loc":{"start":{"line":118,"column":2},"end":{"line":118,"column":85}}}},"statementMap":{"1":{"start":{"line":16,"column":4},"end":{"line":16,"column":33}},"2":{"start":{"line":32,"column":4},"end":{"line":32,"column":45}},"3":{"start":{"line":33,"column":4},"end":{"line":33,"column":97}},"4":{"start":{"line":36,"column":4},"end":{"line":36,"column":50}},"5":{"start":{"line":49,"column":4},"end":{"line":49,"column":101}},"6":{"start":{"line":50,"column":4},"end":{"line":50,"column":44}},"7":{"start":{"line":53,"column":4},"end":{"line":53,"column":52}},"8":{"start":{"line":68,"column":4},"end":{"line":68,"column":95}},"9":{"start":{"line":69,"column":4},"end":{"line":69,"column":39}},"10":{"start":{"line":73,"column":4},"end":{"line":73,"column":67}},"11":{"start":{"line":83,"column":4},"end":{"line":83,"column":83}},"12":{"start":{"line":95,"column":4},"end":{"line":95,"column":82}},"13":{"start":{"line":103,"column":4},"end":{"line":103,"column":35}},"14":{"start":{"line":111,"column":4},"end":{"line":111,"column":42}},"15":{"start":{"line":119,"column":4},"end":{"line":119,"column":33}},"16":{"start":{"line":120,"column":4},"end":{"line":120,"column":111}}},"branchMap":{"1":{"line":32,"type":"if","locations":[{"start":{"line":32,"column":4},"end":{"line":32,"column":4}},{"start":{"line":32,"column":4},"end":{"line":32,"column":4}}]},"2":{"line":33,"type":"if","locations":[{"start":{"line":33,"column":4},"end":{"line":33,"column":4}},{"start":{"line":33,"column":4},"end":{"line":33,"column":4}}]},"3":{"line":50,"type":"if","locations":[{"start":{"line":50,"column":4},"end":{"line":50,"column":4}},{"start":{"line":50,"column":4},"end":{"line":50,"column":4}}]},"4":{"line":69,"type":"if","locations":[{"start":{"line":69,"column":4},"end":{"line":69,"column":4}},{"start":{"line":69,"column":4},"end":{"line":69,"column":4}}]},"5":{"line":95,"type":"if","locations":[{"start":{"line":95,"column":4},"end":{"line":95,"column":4}},{"start":{"line":95,"column":4},"end":{"line":95,"column":4}}]},"6":{"line":103,"type":"if","locations":[{"start":{"line":103,"column":4},"end":{"line":103,"column":4}},{"start":{"line":103,"column":4},"end":{"line":103,"column":4}}]},"7":{"line":111,"type":"if","locations":[{"start":{"line":111,"column":4},"end":{"line":111,"column":4}},{"start":{"line":111,"column":4},"end":{"line":111,"column":4}}]},"8":{"line":119,"type":"if","locations":[{"start":{"line":119,"column":4},"end":{"line":119,"column":4}},{"start":{"line":119,"column":4},"end":{"line":119,"column":4}}]},"9":{"line":120,"type":"if","locations":[{"start":{"line":120,"column":4},"end":{"line":120,"column":4}},{"start":{"line":120,"column":4},"end":{"line":120,"column":4}}]}}},"contracts/Database.sol":{"l":{"30":2,"31":2,"42":5,"43":4,"44":3,"45":2,"46":2,"56":17,"62":18,"68":1,"74":1,"80":1,"86":10,"92":1,"103":12,"109":13,"115":1,"121":1,"127":1,"133":7,"139":1,"148":86,"149":85},"path":"/mnt/c/Users/Steven/MyBit-Will.tech/contracts/Database.sol","s":{"1":2,"2":2,"3":5,"4":4,"5":3,"6":2,"7":2,"8":17,"9":18,"10":1,"11":1,"12":1,"13":10,"14":1,"15":86},"b":{"1":[4,1],"2":[3,1],"3":[2,1],"4":[85,1]},"f":{"1":2,"2":5,"3":17,"4":18,"5":1,"6":1,"7":1,"8":10,"9":1,"10":12,"11":13,"12":1,"13":1,"14":1,"15":7,"16":1,"17":86},"fnMap":{"1":{"name":null,"line":28,"loc":{"start":{"line":28,"column":4},"end":{"line":29,"column":12}}},"2":{"name":"setContractManager","line":40,"loc":{"start":{"line":40,"column":4},"end":{"line":41,"column":14}}},"3":{"name":"setAddress","line":53,"loc":{"start":{"line":53,"column":4},"end":{"line":55,"column":14}}},"4":{"name":"setUint","line":59,"loc":{"start":{"line":59,"column":4},"end":{"line":61,"column":14}}},"5":{"name":"setString","line":65,"loc":{"start":{"line":65,"column":4},"end":{"line":67,"column":14}}},"6":{"name":"setBytes","line":71,"loc":{"start":{"line":71,"column":4},"end":{"line":73,"column":14}}},"7":{"name":"setBytes32","line":77,"loc":{"start":{"line":77,"column":4},"end":{"line":79,"column":14}}},"8":{"name":"setBool","line":83,"loc":{"start":{"line":83,"column":4},"end":{"line":85,"column":14}}},"9":{"name":"setInt","line":89,"loc":{"start":{"line":89,"column":4},"end":{"line":91,"column":14}}},"10":{"name":"deleteAddress","line":100,"loc":{"start":{"line":100,"column":4},"end":{"line":102,"column":14}}},"11":{"name":"deleteUint","line":106,"loc":{"start":{"line":106,"column":4},"end":{"line":108,"column":14}}},"12":{"name":"deleteString","line":112,"loc":{"start":{"line":112,"column":4},"end":{"line":114,"column":14}}},"13":{"name":"deleteBytes","line":118,"loc":{"start":{"line":118,"column":4},"end":{"line":120,"column":14}}},"14":{"name":"deleteBytes32","line":124,"loc":{"start":{"line":124,"column":4},"end":{"line":126,"column":14}}},"15":{"name":"deleteBool","line":130,"loc":{"start":{"line":130,"column":4},"end":{"line":132,"column":14}}},"16":{"name":"deleteInt","line":136,"loc":{"start":{"line":136,"column":4},"end":{"line":138,"column":14}}},"17":{"name":"onlyApprovedContract","line":147,"loc":{"start":{"line":147,"column":4},"end":{"line":147,"column":33}}}},"statementMap":{"1":{"start":{"line":30,"column":8},"end":{"line":30,"column":71}},"2":{"start":{"line":31,"column":8},"end":{"line":31,"column":35}},"3":{"start":{"line":42,"column":8},"end":{"line":42,"column":46}},"4":{"start":{"line":43,"column":8},"end":{"line":43,"column":77}},"5":{"start":{"line":44,"column":8},"end":{"line":44,"column":104}},"6":{"start":{"line":45,"column":8},"end":{"line":45,"column":100}},"7":{"start":{"line":46,"column":8},"end":{"line":46,"column":84}},"8":{"start":{"line":56,"column":8},"end":{"line":56,"column":36}},"9":{"start":{"line":62,"column":8},"end":{"line":62,"column":33}},"10":{"start":{"line":68,"column":8},"end":{"line":68,"column":35}},"11":{"start":{"line":74,"column":8},"end":{"line":74,"column":34}},"12":{"start":{"line":80,"column":8},"end":{"line":80,"column":36}},"13":{"start":{"line":86,"column":8},"end":{"line":86,"column":33}},"14":{"start":{"line":92,"column":8},"end":{"line":92,"column":32}},"15":{"start":{"line":148,"column":8},"end":{"line":148,"column":80}}},"branchMap":{"1":{"line":42,"type":"if","locations":[{"start":{"line":42,"column":8},"end":{"line":42,"column":8}},{"start":{"line":42,"column":8},"end":{"line":42,"column":8}}]},"2":{"line":43,"type":"if","locations":[{"start":{"line":43,"column":8},"end":{"line":43,"column":8}},{"start":{"line":43,"column":8},"end":{"line":43,"column":8}}]},"3":{"line":44,"type":"if","locations":[{"start":{"line":44,"column":8},"end":{"line":44,"column":8}},{"start":{"line":44,"column":8},"end":{"line":44,"column":8}}]},"4":{"line":148,"type":"if","locations":[{"start":{"line":148,"column":8},"end":{"line":148,"column":8}},{"start":{"line":148,"column":8},"end":{"line":148,"column":8}}]}}},"contracts/ERC20.sol":{"l":{"43":3,"44":3,"45":3,"46":3,"47":3,"48":3,"59":8,"60":7,"61":6,"62":6,"63":6,"64":6,"74":5,"75":4,"76":3,"77":3,"78":3,"79":3,"80":3,"90":22,"91":22,"92":22,"103":0,"104":0,"105":0,"106":0,"116":1,"117":1,"118":1,"119":1,"120":1,"130":12,"131":9,"132":9,"133":9,"134":9,"135":9,"136":9,"146":2,"156":10,"166":3,"177":1},"path":"/mnt/c/Users/Steven/MyBit-Will.tech/contracts/ERC20.sol","s":{"1":3,"2":3,"3":3,"4":3,"5":3,"6":3,"7":8,"8":7,"9":6,"10":6,"11":6,"12":6,"13":5,"14":4,"15":3,"16":3,"17":3,"18":3,"19":3,"20":22,"21":22,"22":22,"23":0,"24":0,"25":0,"26":0,"27":1,"28":1,"29":1,"30":1,"31":1,"32":12,"33":9,"34":9,"35":9,"36":9,"37":9,"38":9,"39":2,"40":10,"41":3,"42":1},"b":{"1":[7,1],"2":[6,1],"3":[4,1],"4":[3,1],"5":[9,3]},"f":{"1":3,"2":8,"3":5,"4":22,"5":0,"6":1,"7":12,"8":2,"9":10,"10":3,"11":1},"fnMap":{"1":{"name":null,"line":41,"loc":{"start":{"line":41,"column":4},"end":{"line":42,"column":12}}},"2":{"name":"transfer","line":56,"loc":{"start":{"line":56,"column":4},"end":{"line":58,"column":28}}},"3":{"name":"transferFrom","line":71,"loc":{"start":{"line":71,"column":4},"end":{"line":73,"column":28}}},"4":{"name":"approve","line":87,"loc":{"start":{"line":87,"column":4},"end":{"line":89,"column":28}}},"5":{"name":"approveAndCall","line":100,"loc":{"start":{"line":100,"column":4},"end":{"line":102,"column":28}}},"6":{"name":"burn","line":113,"loc":{"start":{"line":113,"column":4},"end":{"line":115,"column":28}}},"7":{"name":"burnFrom","line":127,"loc":{"start":{"line":127,"column":4},"end":{"line":129,"column":28}}},"8":{"name":"totalSupply","line":142,"loc":{"start":{"line":142,"column":4},"end":{"line":145,"column":32}}},"9":{"name":"balanceOf","line":152,"loc":{"start":{"line":152,"column":4},"end":{"line":155,"column":28}}},"10":{"name":"allowance","line":162,"loc":{"start":{"line":162,"column":4},"end":{"line":165,"column":30}}},"11":{"name":null,"line":174,"loc":{"start":{"line":174,"column":4},"end":{"line":176,"column":13}}}},"statementMap":{"1":{"start":{"line":43,"column":8},"end":{"line":43,"column":44}},"2":{"start":{"line":44,"column":8},"end":{"line":44,"column":30}},"3":{"start":{"line":45,"column":8},"end":{"line":45,"column":24}},"4":{"start":{"line":46,"column":8},"end":{"line":46,"column":31}},"5":{"start":{"line":47,"column":8},"end":{"line":47,"column":28}},"6":{"start":{"line":48,"column":8},"end":{"line":48,"column":61}},"7":{"start":{"line":59,"column":8},"end":{"line":59,"column":33}},"8":{"start":{"line":60,"column":8},"end":{"line":60,"column":36}},"9":{"start":{"line":61,"column":8},"end":{"line":61,"column":63}},"10":{"start":{"line":62,"column":8},"end":{"line":62,"column":49}},"11":{"start":{"line":63,"column":8},"end":{"line":63,"column":47}},"12":{"start":{"line":64,"column":8},"end":{"line":64,"column":19}},"13":{"start":{"line":74,"column":8},"end":{"line":74,"column":33}},"14":{"start":{"line":75,"column":8},"end":{"line":75,"column":36}},"15":{"start":{"line":76,"column":8},"end":{"line":76,"column":53}},"16":{"start":{"line":77,"column":8},"end":{"line":77,"column":75}},"17":{"start":{"line":78,"column":8},"end":{"line":78,"column":49}},"18":{"start":{"line":79,"column":8},"end":{"line":79,"column":42}},"19":{"start":{"line":80,"column":8},"end":{"line":80,"column":19}},"20":{"start":{"line":90,"column":8},"end":{"line":90,"column":46}},"21":{"start":{"line":91,"column":8},"end":{"line":91,"column":52}},"22":{"start":{"line":92,"column":8},"end":{"line":92,"column":19}},"23":{"start":{"line":103,"column":8},"end":{"line":103,"column":46}},"24":{"start":{"line":104,"column":8},"end":{"line":104,"column":52}},"25":{"start":{"line":105,"column":8},"end":{"line":105,"column":39}},"26":{"start":{"line":106,"column":8},"end":{"line":106,"column":19}},"27":{"start":{"line":116,"column":8},"end":{"line":116,"column":63}},"28":{"start":{"line":117,"column":8},"end":{"line":117,"column":35}},"29":{"start":{"line":118,"column":8},"end":{"line":118,"column":41}},"30":{"start":{"line":119,"column":8},"end":{"line":119,"column":54}},"31":{"start":{"line":120,"column":8},"end":{"line":120,"column":19}},"32":{"start":{"line":130,"column":8},"end":{"line":130,"column":53}},"33":{"start":{"line":131,"column":8},"end":{"line":131,"column":53}},"34":{"start":{"line":132,"column":8},"end":{"line":132,"column":75}},"35":{"start":{"line":133,"column":8},"end":{"line":133,"column":35}},"36":{"start":{"line":134,"column":8},"end":{"line":134,"column":36}},"37":{"start":{"line":135,"column":8},"end":{"line":135,"column":49}},"38":{"start":{"line":136,"column":8},"end":{"line":136,"column":19}},"39":{"start":{"line":146,"column":8},"end":{"line":146,"column":21}},"40":{"start":{"line":156,"column":8},"end":{"line":156,"column":37}},"41":{"start":{"line":166,"column":8},"end":{"line":166,"column":46}},"42":{"start":{"line":177,"column":8},"end":{"line":177,"column":15}}},"branchMap":{"1":{"line":59,"type":"if","locations":[{"start":{"line":59,"column":8},"end":{"line":59,"column":8}},{"start":{"line":59,"column":8},"end":{"line":59,"column":8}}]},"2":{"line":60,"type":"if","locations":[{"start":{"line":60,"column":8},"end":{"line":60,"column":8}},{"start":{"line":60,"column":8},"end":{"line":60,"column":8}}]},"3":{"line":74,"type":"if","locations":[{"start":{"line":74,"column":8},"end":{"line":74,"column":8}},{"start":{"line":74,"column":8},"end":{"line":74,"column":8}}]},"4":{"line":75,"type":"if","locations":[{"start":{"line":75,"column":8},"end":{"line":75,"column":8}},{"start":{"line":75,"column":8},"end":{"line":75,"column":8}}]},"5":{"line":130,"type":"if","locations":[{"start":{"line":130,"column":8},"end":{"line":130,"column":8}},{"start":{"line":130,"column":8},"end":{"line":130,"column":8}}]}}},"contracts/interfaces/ERC20Interface.sol":{"l":{},"path":"/mnt/c/Users/Steven/MyBit-Will.tech/contracts/interfaces/ERC20Interface.sol","s":{},"b":{},"f":{},"fnMap":{},"statementMap":{},"branchMap":{}},"contracts/interfaces/PullPayment.sol":{"l":{},"path":"/mnt/c/Users/Steven/MyBit-Will.tech/contracts/interfaces/PullPayment.sol","s":{},"b":{},"f":{},"fnMap":{},"statementMap":{},"branchMap":{}},"contracts/MyBitBurner.sol":{"l":{"20":2,"21":2,"30":11,"32":10,"33":8,"34":8,"43":3,"44":2,"45":2,"46":2,"55":2,"56":1,"57":1,"58":1,"65":1,"74":6,"75":5},"path":"/mnt/c/Users/Steven/MyBit-Will.tech/contracts/MyBitBurner.sol","s":{"1":2,"2":2,"3":11,"4":10,"5":8,"6":8,"7":3,"8":2,"9":2,"10":2,"11":2,"12":1,"13":1,"14":1,"15":6},"b":{"1":[10,1],"2":[8,2],"3":[2,1],"4":[1,1],"5":[5,1]},"f":{"1":2,"2":11,"3":3,"4":2,"5":1,"6":6},"fnMap":{"1":{"name":null,"line":18,"loc":{"start":{"line":18,"column":2},"end":{"line":19,"column":10}}},"2":{"name":"burn","line":27,"loc":{"start":{"line":27,"column":2},"end":{"line":29,"column":18}}},"3":{"name":"authorizeBurner","line":39,"loc":{"start":{"line":39,"column":2},"end":{"line":42,"column":18}}},"4":{"name":"removeBurner","line":51,"loc":{"start":{"line":51,"column":2},"end":{"line":54,"column":18}}},"5":{"name":null,"line":62,"loc":{"start":{"line":62,"column":2},"end":{"line":64,"column":12}}},"6":{"name":"onlyOwner","line":73,"loc":{"start":{"line":73,"column":2},"end":{"line":73,"column":20}}}},"statementMap":{"1":{"start":{"line":20,"column":4},"end":{"line":20,"column":39}},"2":{"start":{"line":21,"column":4},"end":{"line":21,"column":21}},"3":{"start":{"line":30,"column":4},"end":{"line":30,"column":40}},"4":{"start":{"line":32,"column":4},"end":{"line":32,"column":52}},"5":{"start":{"line":33,"column":4},"end":{"line":33,"column":56}},"6":{"start":{"line":34,"column":4},"end":{"line":34,"column":15}},"7":{"start":{"line":43,"column":4},"end":{"line":43,"column":47}},"8":{"start":{"line":44,"column":4},"end":{"line":44,"column":44}},"9":{"start":{"line":45,"column":4},"end":{"line":45,"column":58}},"10":{"start":{"line":46,"column":4},"end":{"line":46,"column":15}},"11":{"start":{"line":55,"column":4},"end":{"line":55,"column":46}},"12":{"start":{"line":57,"column":4},"end":{"line":57,"column":55}},"13":{"start":{"line":58,"column":4},"end":{"line":58,"column":15}},"14":{"start":{"line":65,"column":4},"end":{"line":65,"column":11}},"15":{"start":{"line":74,"column":4},"end":{"line":74,"column":31}}},"branchMap":{"1":{"line":30,"type":"if","locations":[{"start":{"line":30,"column":4},"end":{"line":30,"column":4}},{"start":{"line":30,"column":4},"end":{"line":30,"column":4}}]},"2":{"line":32,"type":"if","locations":[{"start":{"line":32,"column":4},"end":{"line":32,"column":4}},{"start":{"line":32,"column":4},"end":{"line":32,"column":4}}]},"3":{"line":43,"type":"if","locations":[{"start":{"line":43,"column":4},"end":{"line":43,"column":4}},{"start":{"line":43,"column":4},"end":{"line":43,"column":4}}]},"4":{"line":55,"type":"if","locations":[{"start":{"line":55,"column":4},"end":{"line":55,"column":4}},{"start":{"line":55,"column":4},"end":{"line":55,"column":4}}]},"5":{"line":74,"type":"if","locations":[{"start":{"line":74,"column":4},"end":{"line":74,"column":4}},{"start":{"line":74,"column":4},"end":{"line":74,"column":4}}]}}},"contracts/SafeMath.sol":{"l":{"14":4,"15":1,"17":3,"18":3,"19":2,"29":2,"36":45,"37":44,"44":17,"45":17,"46":16,"56":1,"64":1,"65":1,"66":1,"68":1},"path":"/mnt/c/Users/Steven/MyBit-Will.tech/contracts/SafeMath.sol","s":{"1":4,"2":1,"3":3,"4":3,"5":2,"6":2,"7":45,"8":44,"9":17,"10":17,"11":16,"12":1,"13":1,"14":1,"15":1},"b":{"1":[1,3],"2":[2,1],"3":[44,1],"4":[16,1]},"f":{"1":4,"2":2,"3":45,"4":17,"5":1,"6":1},"fnMap":{"1":{"name":"mul","line":13,"loc":{"start":{"line":13,"column":2},"end":{"line":13,"column":68}}},"2":{"name":"div","line":25,"loc":{"start":{"line":25,"column":2},"end":{"line":25,"column":68}}},"3":{"name":"sub","line":35,"loc":{"start":{"line":35,"column":2},"end":{"line":35,"column":68}}},"4":{"name":"add","line":43,"loc":{"start":{"line":43,"column":2},"end":{"line":43,"column":68}}},"5":{"name":"getFractionalAmount","line":52,"loc":{"start":{"line":52,"column":2},"end":{"line":55,"column":21}}},"6":{"name":"bytesToUint","line":63,"loc":{"start":{"line":63,"column":2},"end":{"line":63,"column":63}}}},"statementMap":{"1":{"start":{"line":14,"column":4},"end":{"line":14,"column":740}},"2":{"start":{"line":15,"column":6},"end":{"line":15,"column":14}},"3":{"start":{"line":17,"column":4},"end":{"line":17,"column":20}},"4":{"start":{"line":18,"column":4},"end":{"line":18,"column":21}},"5":{"start":{"line":19,"column":4},"end":{"line":19,"column":12}},"6":{"start":{"line":29,"column":4},"end":{"line":29,"column":16}},"7":{"start":{"line":36,"column":4},"end":{"line":36,"column":17}},"8":{"start":{"line":37,"column":4},"end":{"line":37,"column":16}},"9":{"start":{"line":44,"column":4},"end":{"line":44,"column":20}},"10":{"start":{"line":45,"column":4},"end":{"line":45,"column":17}},"11":{"start":{"line":46,"column":4},"end":{"line":46,"column":12}},"12":{"start":{"line":56,"column":4},"end":{"line":56,"column":46}},"13":{"start":{"line":65,"column":6},"end":{"line":65,"column":2949}},"14":{"start":{"line":66,"column":10},"end":{"line":66,"column":69}},"15":{"start":{"line":68,"column":6},"end":{"line":68,"column":19}}},"branchMap":{"1":{"line":14,"type":"if","locations":[{"start":{"line":14,"column":4},"end":{"line":14,"column":4}},{"start":{"line":14,"column":4},"end":{"line":14,"column":4}}]},"2":{"line":18,"type":"if","locations":[{"start":{"line":18,"column":4},"end":{"line":18,"column":4}},{"start":{"line":18,"column":4},"end":{"line":18,"column":4}}]},"3":{"line":36,"type":"if","locations":[{"start":{"line":36,"column":4},"end":{"line":36,"column":4}},{"start":{"line":36,"column":4},"end":{"line":36,"column":4}}]},"4":{"line":45,"type":"if","locations":[{"start":{"line":45,"column":4},"end":{"line":45,"column":4}},{"start":{"line":45,"column":4},"end":{"line":45,"column":4}}]}}},"contracts/SafeMathWrapper.sol":{"l":{"10":3,"14":1,"18":2,"22":2,"26":1,"30":1},"path":"/mnt/c/Users/Steven/MyBit-Will.tech/contracts/SafeMathWrapper.sol","s":{"1":3,"2":1,"3":2,"4":2,"5":1,"6":1},"b":{},"f":{"1":3,"2":1,"3":2,"4":2,"5":1,"6":1},"fnMap":{"1":{"name":"multiply","line":9,"loc":{"start":{"line":9,"column":2},"end":{"line":9,"column":73}}},"2":{"name":"divide","line":13,"loc":{"start":{"line":13,"column":2},"end":{"line":13,"column":71}}},"3":{"name":"subtract","line":17,"loc":{"start":{"line":17,"column":2},"end":{"line":17,"column":73}}},"4":{"name":"addto","line":21,"loc":{"start":{"line":21,"column":2},"end":{"line":21,"column":70}}},"5":{"name":"fraction","line":25,"loc":{"start":{"line":25,"column":2},"end":{"line":25,"column":89}}},"6":{"name":"getUint","line":29,"loc":{"start":{"line":29,"column":2},"end":{"line":29,"column":58}}}},"statementMap":{"1":{"start":{"line":10,"column":4},"end":{"line":10,"column":19}},"2":{"start":{"line":14,"column":4},"end":{"line":14,"column":19}},"3":{"start":{"line":18,"column":4},"end":{"line":18,"column":19}},"4":{"start":{"line":22,"column":4},"end":{"line":22,"column":19}},"5":{"start":{"line":26,"column":4},"end":{"line":26,"column":51}},"6":{"start":{"line":30,"column":4},"end":{"line":30,"column":26}}},"branchMap":{}},"contracts/Wills.sol":{"l":{"21":1,"22":1,"23":1,"35":6,"36":5,"38":4,"39":4,"41":3,"42":3,"43":3,"44":3,"45":3,"46":3,"48":3,"49":3,"64":3,"65":3,"67":3,"68":3,"70":2,"71":2,"73":2,"74":2,"75":2,"76":2,"77":2,"78":2,"79":2,"81":2,"82":2,"89":2,"90":1,"98":3,"99":2,"100":2,"101":2,"102":2,"103":2,"104":2,"105":2,"107":2,"108":2,"109":1,"110":1,"111":1,"113":1,"115":2,"122":3,"123":2,"124":2,"125":2,"126":2,"127":2,"128":2,"129":2,"131":2,"132":2,"133":1,"134":1,"135":1,"137":1,"139":2,"148":1,"156":3,"157":2,"158":1,"164":2,"165":1,"177":9,"194":11,"195":9,"200":5,"201":4,"206":21,"207":19,"211":16,"212":13},"path":"/mnt/c/Users/Steven/MyBit-Will.tech/contracts/Wills.sol","s":{"1":1,"2":1,"3":1,"4":6,"5":5,"6":4,"7":4,"8":3,"9":3,"10":3,"11":3,"12":3,"13":3,"14":2,"15":2,"16":2,"17":2,"18":2,"19":3,"20":2,"21":2,"22":2,"23":1,"24":2,"25":3,"26":2,"27":2,"28":2,"29":1,"30":2,"31":3,"32":2,"33":1,"34":2,"35":1,"36":9,"37":11,"38":5,"39":21,"40":16},"b":{"1":[5,1],"2":[4,1],"3":[3,1],"4":[3,0],"5":[3,0],"6":[2,1],"7":[2,0],"8":[1,1],"9":[2,1],"10":[1,1],"11":[2,1],"12":[1,1],"13":[2,1],"14":[1,1],"15":[1,1],"16":[9,2],"17":[4,1],"18":[19,2],"19":[13,3]},"f":{"1":1,"2":6,"3":3,"4":2,"5":3,"6":3,"7":1,"8":3,"9":2,"10":9,"11":11,"12":5,"13":21,"14":16},"fnMap":{"1":{"name":null,"line":20,"loc":{"start":{"line":20,"column":2},"end":{"line":20,"column":63}}},"2":{"name":"createWill","line":29,"loc":{"start":{"line":29,"column":2},"end":{"line":34,"column":24}}},"3":{"name":"createERC20Will","line":57,"loc":{"start":{"line":57,"column":2},"end":{"line":63,"column":24}}},"4":{"name":"proveExistence","line":86,"loc":{"start":{"line":86,"column":2},"end":{"line":88,"column":89}}},"5":{"name":"revokeWill","line":94,"loc":{"start":{"line":94,"column":2},"end":{"line":97,"column":89}}},"6":{"name":"claimWill","line":119,"loc":{"start":{"line":119,"column":2},"end":{"line":121,"column":91}}},"7":{"name":"changeSecBetweenProofs","line":144,"loc":{"start":{"line":144,"column":2},"end":{"line":147,"column":27}}},"8":{"name":"closeContract","line":154,"loc":{"start":{"line":154,"column":2},"end":{"line":155,"column":12}}},"9":{"name":"changeMYBFee","line":162,"loc":{"start":{"line":162,"column":2},"end":{"line":163,"column":12}}},"10":{"name":"getWill","line":173,"loc":{"start":{"line":173,"column":2},"end":{"line":176,"column":63}}},"11":{"name":"onlyCaller","line":193,"loc":{"start":{"line":193,"column":2},"end":{"line":193,"column":38}}},"12":{"name":"isRevokeable","line":199,"loc":{"start":{"line":199,"column":2},"end":{"line":199,"column":36}}},"13":{"name":"notZero","line":205,"loc":{"start":{"line":205,"column":2},"end":{"line":205,"column":32}}},"14":{"name":"validAddress","line":210,"loc":{"start":{"line":210,"column":2},"end":{"line":210,"column":38}}}},"statementMap":{"1":{"start":{"line":21,"column":4},"end":{"line":21,"column":21}},"2":{"start":{"line":22,"column":4},"end":{"line":22,"column":33}},"3":{"start":{"line":23,"column":4},"end":{"line":23,"column":43}},"4":{"start":{"line":35,"column":4},"end":{"line":35,"column":20}},"5":{"start":{"line":36,"column":4},"end":{"line":36,"column":46}},"6":{"start":{"line":38,"column":4},"end":{"line":38,"column":70}},"7":{"start":{"line":39,"column":4},"end":{"line":39,"column":97}},"8":{"start":{"line":48,"column":4},"end":{"line":48,"column":62}},"9":{"start":{"line":49,"column":4},"end":{"line":49,"column":13}},"10":{"start":{"line":64,"column":4},"end":{"line":64,"column":20}},"11":{"start":{"line":65,"column":4},"end":{"line":65,"column":46}},"12":{"start":{"line":67,"column":4},"end":{"line":67,"column":82}},"13":{"start":{"line":68,"column":4},"end":{"line":68,"column":97}},"14":{"start":{"line":70,"column":4},"end":{"line":70,"column":37}},"15":{"start":{"line":71,"column":4},"end":{"line":71,"column":56}},"16":{"start":{"line":81,"column":4},"end":{"line":81,"column":79}},"17":{"start":{"line":82,"column":4},"end":{"line":82,"column":13}},"18":{"start":{"line":89,"column":4},"end":{"line":89,"column":193}},"19":{"start":{"line":98,"column":4},"end":{"line":98,"column":109}},"20":{"start":{"line":99,"column":4},"end":{"line":99,"column":88}},"21":{"start":{"line":107,"column":4},"end":{"line":107,"column":99}},"22":{"start":{"line":108,"column":4},"end":{"line":108,"column":5953}},"23":{"start":{"line":109,"column":6},"end":{"line":109,"column":38}},"24":{"start":{"line":115,"column":4},"end":{"line":115,"column":51}},"25":{"start":{"line":122,"column":4},"end":{"line":122,"column":110}},"26":{"start":{"line":123,"column":4},"end":{"line":123,"column":88}},"27":{"start":{"line":131,"column":4},"end":{"line":131,"column":99}},"28":{"start":{"line":132,"column":4},"end":{"line":132,"column":7256}},"29":{"start":{"line":133,"column":6},"end":{"line":133,"column":38}},"30":{"start":{"line":139,"column":4},"end":{"line":139,"column":51}},"31":{"start":{"line":156,"column":4},"end":{"line":156,"column":31}},"32":{"start":{"line":157,"column":4},"end":{"line":157,"column":21}},"33":{"start":{"line":158,"column":4},"end":{"line":158,"column":17}},"34":{"start":{"line":164,"column":4},"end":{"line":164,"column":31}},"35":{"start":{"line":165,"column":4},"end":{"line":165,"column":19}},"36":{"start":{"line":177,"column":4},"end":{"line":177,"column":8990}},"37":{"start":{"line":194,"column":4},"end":{"line":194,"column":33}},"38":{"start":{"line":200,"column":4},"end":{"line":200,"column":84}},"39":{"start":{"line":206,"column":4},"end":{"line":206,"column":23}},"40":{"start":{"line":211,"column":4},"end":{"line":211,"column":31}}},"branchMap":{"1":{"line":35,"type":"if","locations":[{"start":{"line":35,"column":4},"end":{"line":35,"column":4}},{"start":{"line":35,"column":4},"end":{"line":35,"column":4}}]},"2":{"line":36,"type":"if","locations":[{"start":{"line":36,"column":4},"end":{"line":36,"column":4}},{"start":{"line":36,"column":4},"end":{"line":36,"column":4}}]},"3":{"line":39,"type":"if","locations":[{"start":{"line":39,"column":4},"end":{"line":39,"column":4}},{"start":{"line":39,"column":4},"end":{"line":39,"column":4}}]},"4":{"line":64,"type":"if","locations":[{"start":{"line":64,"column":4},"end":{"line":64,"column":4}},{"start":{"line":64,"column":4},"end":{"line":64,"column":4}}]},"5":{"line":65,"type":"if","locations":[{"start":{"line":65,"column":4},"end":{"line":65,"column":4}},{"start":{"line":65,"column":4},"end":{"line":65,"column":4}}]},"6":{"line":68,"type":"if","locations":[{"start":{"line":68,"column":4},"end":{"line":68,"column":4}},{"start":{"line":68,"column":4},"end":{"line":68,"column":4}}]},"7":{"line":71,"type":"if","locations":[{"start":{"line":71,"column":4},"end":{"line":71,"column":4}},{"start":{"line":71,"column":4},"end":{"line":71,"column":4}}]},"8":{"line":89,"type":"if","locations":[{"start":{"line":89,"column":4},"end":{"line":89,"column":4}},{"start":{"line":89,"column":4},"end":{"line":89,"column":4}}]},"9":{"line":98,"type":"if","locations":[{"start":{"line":98,"column":4},"end":{"line":98,"column":4}},{"start":{"line":98,"column":4},"end":{"line":98,"column":4}}]},"10":{"line":108,"type":"if","locations":[{"start":{"line":108,"column":4},"end":{"line":108,"column":4}},{"start":{"line":108,"column":4},"end":{"line":108,"column":4}}]},"11":{"line":122,"type":"if","locations":[{"start":{"line":122,"column":4},"end":{"line":122,"column":4}},{"start":{"line":122,"column":4},"end":{"line":122,"column":4}}]},"12":{"line":132,"type":"if","locations":[{"start":{"line":132,"column":4},"end":{"line":132,"column":4}},{"start":{"line":132,"column":4},"end":{"line":132,"column":4}}]},"13":{"line":156,"type":"if","locations":[{"start":{"line":156,"column":4},"end":{"line":156,"column":4}},{"start":{"line":156,"column":4},"end":{"line":156,"column":4}}]},"14":{"line":157,"type":"if","locations":[{"start":{"line":157,"column":4},"end":{"line":157,"column":4}},{"start":{"line":157,"column":4},"end":{"line":157,"column":4}}]},"15":{"line":164,"type":"if","locations":[{"start":{"line":164,"column":4},"end":{"line":164,"column":4}},{"start":{"line":164,"column":4},"end":{"line":164,"column":4}}]},"16":{"line":194,"type":"if","locations":[{"start":{"line":194,"column":4},"end":{"line":194,"column":4}},{"start":{"line":194,"column":4},"end":{"line":194,"column":4}}]},"17":{"line":200,"type":"if","locations":[{"start":{"line":200,"column":4},"end":{"line":200,"column":4}},{"start":{"line":200,"column":4},"end":{"line":200,"column":4}}]},"18":{"line":206,"type":"if","locations":[{"start":{"line":206,"column":4},"end":{"line":206,"column":4}},{"start":{"line":206,"column":4},"end":{"line":206,"column":4}}]},"19":{"line":211,"type":"if","locations":[{"start":{"line":211,"column":4},"end":{"line":211,"column":4}},{"start":{"line":211,"column":4},"end":{"line":211,"column":4}}]}}}}