TN:
SF:/mnt/c/Users/Steven/MyBit-Will.tech/contracts/ContractManager.sol
FN:13,
FN:26,addContract
FN:44,removeContract
FN:63,updateContract
FN:79,contractExists
FN:94,anyOwner
FN:102,noEmptyAddress
FN:110,noEmptyString
FN:118,multiSigRequired
FNF:9
FNH:8
FNDA:2,
FNDA:5,addContract
FNDA:2,removeContract
FNDA:2,updateContract
FNDA:14,contractExists
FNDA:10,anyOwner
FNDA:12,noEmptyAddress
FNDA:9,noEmptyString
FNDA:0,multiSigRequired
DA:16,2
DA:32,5
DA:33,4
DA:34,3
DA:35,3
DA:36,3
DA:49,2
DA:50,2
DA:51,1
DA:52,1
DA:53,1
DA:68,2
DA:69,2
DA:70,1
DA:71,1
DA:72,1
DA:73,1
DA:83,14
DA:95,10
DA:96,9
DA:103,12
DA:104,11
DA:111,9
DA:112,8
DA:119,0
DA:120,0
DA:121,0
DA:122,0
LF:28
LH:24
BRDA:32,1,0,4
BRDA:32,1,1,1
BRDA:33,2,0,3
BRDA:33,2,1,1
BRDA:50,3,0,1
BRDA:50,3,1,1
BRDA:69,4,0,1
BRDA:69,4,1,1
BRDA:95,5,0,9
BRDA:95,5,1,1
BRDA:103,6,0,11
BRDA:103,6,1,1
BRDA:111,7,0,8
BRDA:111,7,1,1
BRDA:119,8,0,0
BRDA:119,8,1,0
BRDA:120,9,0,0
BRDA:120,9,1,0
BRF:18
BRH:14
end_of_record
TN:
SF:/mnt/c/Users/Steven/MyBit-Will.tech/contracts/Database.sol
FN:28,
FN:40,setContractManager
FN:53,setAddress
FN:59,setUint
FN:65,setString
FN:71,setBytes
FN:77,setBytes32
FN:83,setBool
FN:89,setInt
FN:100,deleteAddress
FN:106,deleteUint
FN:112,deleteString
FN:118,deleteBytes
FN:124,deleteBytes32
FN:130,deleteBool
FN:136,deleteInt
FN:147,onlyApprovedContract
FNF:17
FNH:17
FNDA:2,
FNDA:5,setContractManager
FNDA:17,setAddress
FNDA:18,setUint
FNDA:1,setString
FNDA:1,setBytes
FNDA:1,setBytes32
FNDA:10,setBool
FNDA:1,setInt
FNDA:12,deleteAddress
FNDA:13,deleteUint
FNDA:1,deleteString
FNDA:1,deleteBytes
FNDA:1,deleteBytes32
FNDA:7,deleteBool
FNDA:1,deleteInt
FNDA:86,onlyApprovedContract
DA:30,2
DA:31,2
DA:42,5
DA:43,4
DA:44,3
DA:45,2
DA:46,2
DA:56,17
DA:62,18
DA:68,1
DA:74,1
DA:80,1
DA:86,10
DA:92,1
DA:103,12
DA:109,13
DA:115,1
DA:121,1
DA:127,1
DA:133,7
DA:139,1
DA:148,86
DA:149,85
LF:23
LH:23
BRDA:42,1,0,4
BRDA:42,1,1,1
BRDA:43,2,0,3
BRDA:43,2,1,1
BRDA:44,3,0,2
BRDA:44,3,1,1
BRDA:148,4,0,85
BRDA:148,4,1,1
BRF:8
BRH:8
end_of_record
TN:
SF:/mnt/c/Users/Steven/MyBit-Will.tech/contracts/ERC20.sol
FN:41,
FN:56,transfer
FN:71,transferFrom
FN:87,approve
FN:100,approveAndCall
FN:113,burn
FN:127,burnFrom
FN:142,totalSupply
FN:152,balanceOf
FN:162,allowance
FN:174,
FNF:11
FNH:10
FNDA:3,
FNDA:8,transfer
FNDA:5,transferFrom
FNDA:22,approve
FNDA:0,approveAndCall
FNDA:1,burn
FNDA:12,burnFrom
FNDA:2,totalSupply
FNDA:10,balanceOf
FNDA:3,allowance
FNDA:1,
DA:43,3
DA:44,3
DA:45,3
DA:46,3
DA:47,3
DA:48,3
DA:59,8
DA:60,7
DA:61,6
DA:62,6
DA:63,6
DA:64,6
DA:74,5
DA:75,4
DA:76,3
DA:77,3
DA:78,3
DA:79,3
DA:80,3
DA:90,22
DA:91,22
DA:92,22
DA:103,0
DA:104,0
DA:105,0
DA:106,0
DA:116,1
DA:117,1
DA:118,1
DA:119,1
DA:120,1
DA:130,12
DA:131,9
DA:132,9
DA:133,9
DA:134,9
DA:135,9
DA:136,9
DA:146,2
DA:156,10
DA:166,3
DA:177,1
LF:42
LH:38
BRDA:59,1,0,7
BRDA:59,1,1,1
BRDA:60,2,0,6
BRDA:60,2,1,1
BRDA:74,3,0,4
BRDA:74,3,1,1
BRDA:75,4,0,3
BRDA:75,4,1,1
BRDA:130,5,0,9
BRDA:130,5,1,3
BRF:10
BRH:10
end_of_record
TN:
SF:/mnt/c/Users/Steven/MyBit-Will.tech/contracts/interfaces/ERC20Interface.sol
FNF:0
FNH:0
LF:0
LH:0
BRF:0
BRH:0
end_of_record
TN:
SF:/mnt/c/Users/Steven/MyBit-Will.tech/contracts/interfaces/PullPayment.sol
FNF:0
FNH:0
LF:0
LH:0
BRF:0
BRH:0
end_of_record
TN:
SF:/mnt/c/Users/Steven/MyBit-Will.tech/contracts/MyBitBurner.sol
FN:18,
FN:27,burn
FN:39,authorizeBurner
FN:51,removeBurner
FN:62,
FN:73,onlyOwner
FNF:6
FNH:6
FNDA:2,
FNDA:11,burn
FNDA:3,authorizeBurner
FNDA:2,removeBurner
FNDA:1,
FNDA:6,onlyOwner
DA:20,2
DA:21,2
DA:30,11
DA:32,10
DA:33,8
DA:34,8
DA:43,3
DA:44,2
DA:45,2
DA:46,2
DA:55,2
DA:56,1
DA:57,1
DA:58,1
DA:65,1
DA:74,6
DA:75,5
LF:17
LH:17
BRDA:30,1,0,10
BRDA:30,1,1,1
BRDA:32,2,0,8
BRDA:32,2,1,2
BRDA:43,3,0,2
BRDA:43,3,1,1
BRDA:55,4,0,1
BRDA:55,4,1,1
BRDA:74,5,0,5
BRDA:74,5,1,1
BRF:10
BRH:10
end_of_record
TN:
SF:/mnt/c/Users/Steven/MyBit-Will.tech/contracts/SafeMath.sol
FN:13,mul
FN:25,div
FN:35,sub
FN:43,add
FN:52,getFractionalAmount
FN:63,bytesToUint
FNF:6
FNH:6
FNDA:4,mul
FNDA:2,div
FNDA:45,sub
FNDA:17,add
FNDA:1,getFractionalAmount
FNDA:1,bytesToUint
DA:14,4
DA:15,1
DA:17,3
DA:18,3
DA:19,2
DA:29,2
DA:36,45
DA:37,44
DA:44,17
DA:45,17
DA:46,16
DA:56,1
DA:64,1
DA:65,1
DA:66,1
DA:68,1
LF:16
LH:16
BRDA:14,1,0,1
BRDA:14,1,1,3
BRDA:18,2,0,2
BRDA:18,2,1,1
BRDA:36,3,0,44
BRDA:36,3,1,1
BRDA:45,4,0,16
BRDA:45,4,1,1
BRF:8
BRH:8
end_of_record
TN:
SF:/mnt/c/Users/Steven/MyBit-Will.tech/contracts/SafeMathWrapper.sol
FN:9,multiply
FN:13,divide
FN:17,subtract
FN:21,addto
FN:25,fraction
FN:29,getUint
FNF:6
FNH:6
FNDA:3,multiply
FNDA:1,divide
FNDA:2,subtract
FNDA:2,addto
FNDA:1,fraction
FNDA:1,getUint
DA:10,3
DA:14,1
DA:18,2
DA:22,2
DA:26,1
DA:30,1
LF:6
LH:6
BRF:0
BRH:0
end_of_record
TN:
SF:/mnt/c/Users/Steven/MyBit-Will.tech/contracts/Wills.sol
FN:20,
FN:29,createWill
FN:57,createERC20Will
FN:86,proveExistence
FN:94,revokeWill
FN:119,claimWill
FN:144,changeSecBetweenProofs
FN:154,closeContract
FN:162,changeMYBFee
FN:173,getWill
FN:193,onlyCaller
FN:199,isRevokeable
FN:205,notZero
FN:210,validAddress
FNF:14
FNH:14
FNDA:1,
FNDA:6,createWill
FNDA:3,createERC20Will
FNDA:2,proveExistence
FNDA:3,revokeWill
FNDA:3,claimWill
FNDA:1,changeSecBetweenProofs
FNDA:3,closeContract
FNDA:2,changeMYBFee
FNDA:9,getWill
FNDA:11,onlyCaller
FNDA:5,isRevokeable
FNDA:21,notZero
FNDA:16,validAddress
DA:21,1
DA:22,1
DA:23,1
DA:35,6
DA:36,5
DA:38,4
DA:39,4
DA:41,3
DA:42,3
DA:43,3
DA:44,3
DA:45,3
DA:46,3
DA:48,3
DA:49,3
DA:64,3
DA:65,3
DA:67,3
DA:68,3
DA:70,2
DA:71,2
DA:73,2
DA:74,2
DA:75,2
DA:76,2
DA:77,2
DA:78,2
DA:79,2
DA:81,2
DA:82,2
DA:89,2
DA:90,1
DA:98,3
DA:99,2
DA:100,2
DA:101,2
DA:102,2
DA:103,2
DA:104,2
DA:105,2
DA:107,2
DA:108,2
DA:109,1
DA:110,1
DA:111,1
DA:113,1
DA:115,2
DA:122,3
DA:123,2
DA:124,2
DA:125,2
DA:126,2
DA:127,2
DA:128,2
DA:129,2
DA:131,2
DA:132,2
DA:133,1
DA:134,1
DA:135,1
DA:137,1
DA:139,2
DA:148,1
DA:156,3
DA:157,2
DA:158,1
DA:164,2
DA:165,1
DA:177,9
DA:194,11
DA:195,9
DA:200,5
DA:201,4
DA:206,21
DA:207,19
DA:211,16
DA:212,13
LF:77
LH:77
BRDA:35,1,0,5
BRDA:35,1,1,1
BRDA:36,2,0,4
BRDA:36,2,1,1
BRDA:39,3,0,3
BRDA:39,3,1,1
BRDA:64,4,0,3
BRDA:64,4,1,0
BRDA:65,5,0,3
BRDA:65,5,1,0
BRDA:68,6,0,2
BRDA:68,6,1,1
BRDA:71,7,0,2
BRDA:71,7,1,0
BRDA:89,8,0,1
BRDA:89,8,1,1
BRDA:98,9,0,2
BRDA:98,9,1,1
BRDA:108,10,0,1
BRDA:108,10,1,1
BRDA:122,11,0,2
BRDA:122,11,1,1
BRDA:132,12,0,1
BRDA:132,12,1,1
BRDA:156,13,0,2
BRDA:156,13,1,1
BRDA:157,14,0,1
BRDA:157,14,1,1
BRDA:164,15,0,1
BRDA:164,15,1,1
BRDA:194,16,0,9
BRDA:194,16,1,2
BRDA:200,17,0,4
BRDA:200,17,1,1
BRDA:206,18,0,19
BRDA:206,18,1,2
BRDA:211,19,0,13
BRDA:211,19,1,3
BRF:38
BRH:35
end_of_record
