TN:
SF:/home/peter/Documents/Work/MyBit/MyBit-Will.tech/contracts/ContractManager.sol
FN:13,
FN:26,addContract
FN:44,removeContract
FN:63,updateContract
FN:79,contractExists
FN:94,anyOwner
FN:102,noEmptyAddress
FN:110,noEmptyString
FN:118,multiSigRequired
FNF:9
FNH:8
FNDA:2,
FNDA:5,addContract
FNDA:2,removeContract
FNDA:2,updateContract
FNDA:14,contractExists
FNDA:10,anyOwner
FNDA:12,noEmptyAddress
FNDA:9,noEmptyString
FNDA:0,multiSigRequired
DA:16,2
DA:32,5
DA:33,4
DA:34,3
DA:35,3
DA:36,3
DA:49,2
DA:50,2
DA:51,1
DA:52,1
DA:53,1
DA:68,2
DA:69,2
DA:70,1
DA:71,1
DA:72,1
DA:73,1
DA:83,14
DA:95,10
DA:96,9
DA:103,12
DA:104,11
DA:111,9
DA:112,8
DA:119,0
DA:120,0
DA:121,0
DA:122,0
LF:28
LH:24
BRDA:32,1,0,4
BRDA:32,1,1,1
BRDA:33,2,0,3
BRDA:33,2,1,1
BRDA:50,3,0,1
BRDA:50,3,1,1
BRDA:69,4,0,1
BRDA:69,4,1,1
BRDA:95,5,0,9
BRDA:95,5,1,1
BRDA:103,6,0,11
BRDA:103,6,1,1
BRDA:111,7,0,8
BRDA:111,7,1,1
BRDA:119,8,0,0
BRDA:119,8,1,0
BRDA:120,9,0,0
BRDA:120,9,1,0
BRF:18
BRH:14
end_of_record
TN:
SF:/home/peter/Documents/Work/MyBit/MyBit-Will.tech/contracts/Database.sol
FN:28,
FN:40,setContractManager
FN:53,setAddress
FN:59,setUint
FN:65,setString
FN:71,setBytes
FN:77,setBytes32
FN:83,setBool
FN:89,setInt
FN:100,deleteAddress
FN:106,deleteUint
FN:112,deleteString
FN:118,deleteBytes
FN:124,deleteBytes32
FN:130,deleteBool
FN:136,deleteInt
FN:147,onlyApprovedContract
FNF:17
FNH:17
FNDA:2,
FNDA:5,setContractManager
FNDA:11,setAddress
FNDA:16,setUint
FNDA:1,setString
FNDA:1,setBytes
FNDA:1,setBytes32
FNDA:8,setBool
FNDA:1,setInt
FNDA:6,deleteAddress
FNDA:7,deleteUint
FNDA:1,deleteString
FNDA:1,deleteBytes
FNDA:1,deleteBytes32
FNDA:5,deleteBool
FNDA:1,deleteInt
FNDA:62,onlyApprovedContract
DA:30,2
DA:31,2
DA:42,5
DA:43,4
DA:44,3
DA:45,2
DA:46,2
DA:56,11
DA:62,16
DA:68,1
DA:74,1
DA:80,1
DA:86,8
DA:92,1
DA:103,6
DA:109,7
DA:115,1
DA:121,1
DA:127,1
DA:133,5
DA:139,1
DA:148,62
DA:149,61
LF:23
LH:23
BRDA:42,1,0,4
BRDA:42,1,1,1
BRDA:43,2,0,3
BRDA:43,2,1,1
BRDA:44,3,0,2
BRDA:44,3,1,1
BRDA:148,4,0,61
BRDA:148,4,1,1
BRF:8
BRH:8
end_of_record
TN:
SF:/home/peter/Documents/Work/MyBit/MyBit-Will.tech/contracts/ERC20.sol
FN:41,
FN:56,transfer
FN:71,transferFrom
FN:87,approve
FN:100,approveAndCall
FN:113,burn
FN:127,burnFrom
FN:142,totalSupply
FN:152,balanceOf
FN:162,allowance
FN:174,
FNF:11
FNH:10
FNDA:3,
FNDA:6,transfer
FNDA:3,transferFrom
FNDA:9,approve
FNDA:0,approveAndCall
FNDA:1,burn
FNDA:9,burnFrom
FNDA:2,totalSupply
FNDA:8,balanceOf
FNDA:3,allowance
FNDA:1,
DA:43,3
DA:44,3
DA:45,3
DA:46,3
DA:47,3
DA:48,3
DA:59,6
DA:60,5
DA:61,4
DA:62,4
DA:63,4
DA:64,4
DA:74,3
DA:75,2
DA:76,1
DA:77,1
DA:78,1
DA:79,1
DA:80,1
DA:90,9
DA:91,9
DA:92,9
DA:103,0
DA:104,0
DA:105,0
DA:106,0
DA:116,1
DA:117,1
DA:118,1
DA:119,1
DA:120,1
DA:130,9
DA:131,6
DA:132,6
DA:133,6
DA:134,6
DA:135,6
DA:136,6
DA:146,2
DA:156,8
DA:166,3
DA:177,1
LF:42
LH:38
BRDA:59,1,0,5
BRDA:59,1,1,1
BRDA:60,2,0,4
BRDA:60,2,1,1
BRDA:74,3,0,2
BRDA:74,3,1,1
BRDA:75,4,0,1
BRDA:75,4,1,1
BRDA:130,5,0,6
BRDA:130,5,1,3
BRF:10
BRH:10
end_of_record
TN:
SF:/home/peter/Documents/Work/MyBit/MyBit-Will.tech/contracts/interfaces/ERC20Interface.sol
FNF:0
FNH:0
LF:0
LH:0
BRF:0
BRH:0
end_of_record
TN:
SF:/home/peter/Documents/Work/MyBit/MyBit-Will.tech/contracts/interfaces/PullPayment.sol
FNF:0
FNH:0
LF:0
LH:0
BRF:0
BRH:0
end_of_record
TN:
SF:/home/peter/Documents/Work/MyBit/MyBit-Will.tech/contracts/MyBitBurner.sol
FN:18,
FN:27,burn
FN:39,authorizeBurner
FN:51,removeBurner
FN:62,
FN:73,onlyOwner
FNF:6
FNH:6
FNDA:2,
FNDA:8,burn
FNDA:3,authorizeBurner
FNDA:2,removeBurner
FNDA:1,
FNDA:6,onlyOwner
DA:20,2
DA:21,2
DA:30,8
DA:32,7
DA:33,5
DA:34,5
DA:43,3
DA:44,2
DA:45,2
DA:46,2
DA:55,2
DA:56,1
DA:57,1
DA:58,1
DA:65,1
DA:74,6
DA:75,5
LF:17
LH:17
BRDA:30,1,0,7
BRDA:30,1,1,1
BRDA:32,2,0,5
BRDA:32,2,1,2
BRDA:43,3,0,2
BRDA:43,3,1,1
BRDA:55,4,0,1
BRDA:55,4,1,1
BRDA:74,5,0,5
BRDA:74,5,1,1
BRF:10
BRH:10
end_of_record
TN:
SF:/home/peter/Documents/Work/MyBit/MyBit-Will.tech/contracts/SafeMath.sol
FN:13,mul
FN:25,div
FN:35,sub
FN:43,add
FN:52,getFractionalAmount
FN:63,bytesToUint
FNF:6
FNH:6
FNDA:4,mul
FNDA:2,div
FNDA:30,sub
FNDA:11,add
FNDA:1,getFractionalAmount
FNDA:1,bytesToUint
DA:14,4
DA:15,1
DA:17,3
DA:18,3
DA:19,2
DA:29,2
DA:36,30
DA:37,29
DA:44,11
DA:45,11
DA:46,10
DA:56,1
DA:64,1
DA:65,1
DA:66,1
DA:68,1
LF:16
LH:16
BRDA:14,1,0,1
BRDA:14,1,1,3
BRDA:18,2,0,2
BRDA:18,2,1,1
BRDA:36,3,0,29
BRDA:36,3,1,1
BRDA:45,4,0,10
BRDA:45,4,1,1
BRF:8
BRH:8
end_of_record
TN:
SF:/home/peter/Documents/Work/MyBit/MyBit-Will.tech/contracts/SafeMathWrapper.sol
FN:9,multiply
FN:13,divide
FN:17,subtract
FN:21,addto
FN:25,fraction
FN:29,getUint
FNF:6
FNH:6
FNDA:3,multiply
FNDA:1,divide
FNDA:2,subtract
FNDA:2,addto
FNDA:1,fraction
FNDA:1,getUint
DA:10,3
DA:14,1
DA:18,2
DA:22,2
DA:26,1
DA:30,1
LF:6
LH:6
BRF:0
BRH:0
end_of_record
TN:
SF:/home/peter/Documents/Work/MyBit/MyBit-Will.tech/contracts/Wills.sol
FN:19,
FN:28,createWill
FN:52,proveExistence
FN:60,revokeWill
FN:77,claimWill
FN:94,changeBlocksBetweenProofs
FN:104,closeContract
FN:112,changeMYBFee
FN:123,getWill
FN:142,onlyCaller
FN:148,isRevokeable
FN:154,notZero
FN:159,validAddress
FNF:13
FNH:13
FNDA:1,
FNDA:6,createWill
FNDA:2,proveExistence
FNDA:2,revokeWill
FNDA:2,claimWill
FNDA:5,changeBlocksBetweenProofs
FNDA:3,closeContract
FNDA:2,changeMYBFee
FNDA:6,getWill
FNDA:13,onlyCaller
FNDA:4,isRevokeable
FNDA:13,notZero
FNDA:7,validAddress
DA:20,1
DA:21,1
DA:22,1
DA:34,6
DA:35,5
DA:37,4
DA:38,4
DA:40,3
DA:41,3
DA:42,3
DA:43,3
DA:44,3
DA:45,3
DA:47,3
DA:48,3
DA:55,2
DA:56,1
DA:64,2
DA:65,1
DA:66,1
DA:67,1
DA:68,1
DA:69,1
DA:70,1
DA:71,1
DA:72,1
DA:73,1
DA:80,2
DA:81,1
DA:82,1
DA:83,1
DA:84,1
DA:85,1
DA:86,1
DA:87,1
DA:88,1
DA:89,1
DA:98,5
DA:106,3
DA:107,2
DA:108,1
DA:114,2
DA:115,1
DA:127,6
DA:143,13
DA:144,11
DA:149,4
DA:150,3
DA:155,13
DA:156,12
DA:160,7
DA:161,6
LF:52
LH:52
BRDA:34,1,0,5
BRDA:34,1,1,1
BRDA:35,2,0,4
BRDA:35,2,1,1
BRDA:38,3,0,3
BRDA:38,3,1,1
BRDA:55,4,0,1
BRDA:55,4,1,1
BRDA:64,5,0,1
BRDA:64,5,1,1
BRDA:80,6,0,1
BRDA:80,6,1,1
BRDA:106,7,0,2
BRDA:106,7,1,1
BRDA:107,8,0,1
BRDA:107,8,1,1
BRDA:114,9,0,1
BRDA:114,9,1,1
BRDA:143,10,0,11
BRDA:143,10,1,2
BRDA:149,11,0,3
BRDA:149,11,1,1
BRDA:155,12,0,12
BRDA:155,12,1,1
BRDA:160,13,0,6
BRDA:160,13,1,1
BRF:26
BRH:26
end_of_record
